#
# There is insufficient memory for the Java Runtime Environment to continue.
# Native memory allocation (mmap) failed to map 61865984 bytes for committing reserved memory.
# Possible reasons:
#   The system is out of physical RAM or swap space
#   In 32 bit mode, the process size limit was hit
# Possible solutions:
#   Reduce memory load on the system
#   Increase physical memory or swap space
#   Check if swap backing store is full
#   Use 64 bit Java on a 64 bit OS
#   Decrease Java heap size (-Xmx/-Xms)
#   Decrease number of Java threads
#   Decrease Java thread stack sizes (-Xss)
#   Set larger code cache with -XX:ReservedCodeCacheSize=
# This output file may be truncated or incomplete.
#
#  Out of Memory Error (os_linux.cpp:2743), pid=30885, tid=0x00007f1b86d1c700
#
# JRE version: Java(TM) SE Runtime Environment (8.0_191-b12) (build 1.8.0_191-b12)
# Java VM: Java HotSpot(TM) 64-Bit Server VM (25.191-b12 mixed mode linux-amd64 compressed oops)
# Failed to write core dump. Core dumps have been disabled. To enable core dumping, try "ulimit -c unlimited" before starting Java again
#

---------------  T H R E A D  ---------------

Current thread (0x00007f1b9c076800):  VMThread [stack: 0x00007f1b86c1c000,0x00007f1b86d1d000] [id=30889]

Stack: [0x00007f1b86c1c000,0x00007f1b86d1d000],  sp=0x00007f1b86d1b490,  free space=1021k
Native frames: (J=compiled Java code, j=interpreted, Vv=VM code, C=native code)
V  [libjvm.so+0xace425]  VMError::report_and_die()+0x2c5
V  [libjvm.so+0x4deb77]  report_vm_out_of_memory(char const*, int, unsigned long, VMErrorType, char const*)+0x67
V  [libjvm.so+0x90c570]  os::pd_commit_memory(char*, unsigned long, unsigned long, bool)+0x100
V  [libjvm.so+0x903eaf]  os::commit_memory(char*, unsigned long, unsigned long, bool)+0x1f
V  [libjvm.so+0x988346]  PSVirtualSpace::expand_by(unsigned long)+0x56
V  [libjvm.so+0x9895d8]  PSYoungGen::resize(unsigned long, unsigned long)+0xd8
V  [libjvm.so+0x985d66]  PSScavenge::invoke_no_policy()+0x1356
V  [libjvm.so+0x98610c]  PSScavenge::invoke()+0x4c
V  [libjvm.so+0x935fb8]  ParallelScavengeHeap::failed_mem_allocate(unsigned long)+0x68
V  [libjvm.so+0xacff53]  VM_ParallelGCFailedAllocation::doit()+0x93
V  [libjvm.so+0xad50f6]  VM_Operation::evaluate()+0x46
V  [libjvm.so+0xad347d]  VMThread::evaluate_operation(VM_Operation*) [clone .constprop.44]+0xcd
V  [libjvm.so+0xad3a3b]  VMThread::loop()+0x37b
V  [libjvm.so+0xad3de8]  VMThread::run()+0x78
V  [libjvm.so+0x909c92]  java_start(Thread*)+0x102

VM_Operation (0x00007f1ba3870f90): ParallelGCFailedAllocation, mode: safepoint, requested by thread 0x00007f1b9c00c800


---------------  P R O C E S S  ---------------

Java Threads: ( => current thread )
  0x00007f1b58036000 JavaThread "Multihomed mDNS.Timer" daemon [_thread_blocked, id=30902, stack(0x00007f1b85917000,0x00007f1b85a18000)]
  0x00007f1b54003800 JavaThread "cc.arduino.packages.discoverers.serial.SerialBoardsLister" [_thread_blocked, id=30901, stack(0x00007f1b85715000,0x00007f1b85816000)]
  0x00007f1b9c37f800 JavaThread "process reaper" daemon [_thread_blocked, id=30898, stack(0x00007f1b85a40000,0x00007f1b85a79000)]
  0x00007f1b9c0d7000 JavaThread "Service Thread" daemon [_thread_blocked, id=30895, stack(0x00007f1b85c57000,0x00007f1b85d58000)]
  0x00007f1b9c0ba000 JavaThread "C1 CompilerThread1" daemon [_thread_blocked, id=30894, stack(0x00007f1b85d58000,0x00007f1b85e59000)]
  0x00007f1b9c0b7000 JavaThread "C2 CompilerThread0" daemon [_thread_blocked, id=30893, stack(0x00007f1b85e59000,0x00007f1b85f5a000)]
  0x00007f1b9c0b5800 JavaThread "Signal Dispatcher" daemon [_thread_blocked, id=30892, stack(0x00007f1b85f5a000,0x00007f1b8605b000)]
  0x00007f1b9c082800 JavaThread "Finalizer" daemon [_thread_blocked, id=30891, stack(0x00007f1b86a1a000,0x00007f1b86b1b000)]
  0x00007f1b9c080000 JavaThread "Reference Handler" daemon [_thread_blocked, id=30890, stack(0x00007f1b86b1b000,0x00007f1b86c1c000)]
  0x00007f1b9c00c800 JavaThread "main" [_thread_blocked, id=30886, stack(0x00007f1ba3772000,0x00007f1ba3873000)]

Other Threads:
=>0x00007f1b9c076800 VMThread [stack: 0x00007f1b86c1c000,0x00007f1b86d1d000] [id=30889]
  0x00007f1b9c0e4000 WatcherThread [stack: 0x00007f1b85b56000,0x00007f1b85c57000] [id=30896]

VM state:at safepoint (normal execution)

VM Mutex/Monitor currently owned by a thread:  ([mutex/lock_event])
[0x00007f1b9c008f00] Threads_lock - owner thread: 0x00007f1b9c076800
[0x00007f1b9c009400] Heap_lock - owner thread: 0x00007f1b9c00c800

Heap:
 PSYoungGen      total 35840K, used 1020K [0x00000000f5b80000, 0x00000000f7f80000, 0x0000000100000000)
  eden space 34816K, 0% used [0x00000000f5b80000,0x00000000f5b80000,0x00000000f7d80000)
  from space 1024K, 99% used [0x00000000f7d80000,0x00000000f7e7f288,0x00000000f7e80000)
  to   space 1024K, 0% used [0x00000000f7e80000,0x00000000f7e80000,0x00000000f7f80000)
 ParOldGen       total 25088K, used 24680K [0x00000000e1200000, 0x00000000e2a80000, 0x00000000f5b80000)
  object space 25088K, 98% used [0x00000000e1200000,0x00000000e2a1a248,0x00000000e2a80000)
 Metaspace       used 14827K, capacity 15352K, committed 15488K, reserved 1062912K
  class space    used 1706K, capacity 1812K, committed 1920K, reserved 1048576K

Card table byte_map: [0x00007f1ba0421000,0x00007f1ba0519000] byte_map_base: 0x00007f1b9fd18000

Marking Bits: (ParMarkBitMap*) 0x00007f1ba2c4ad40
 Begin Bits: [0x00007f1b8c090000, 0x00007f1b8c848000)
 End Bits:   [0x00007f1b8c848000, 0x00007f1b8d000000)

Polling page: 0x00007f1ba388f000

CodeCache: size=245760Kb used=5225Kb max_used=5237Kb free=240534Kb
 bounds [0x00007f1b8d000000, 0x00007f1b8d530000, 0x00007f1b9c000000]
 total_blobs=1946 nmethods=1570 adapters=289
 compilation: enabled

Compilation events (10 events):
Event: 9.512 Thread 0x00007f1b9c0ba000 nmethod 1578 0x00007f1b8d517c90 code [0x00007f1b8d517f80, 0x00007f1b8d519738]
Event: 9.525 Thread 0x00007f1b9c0ba000 1580       3       java.nio.charset.Charset::lookup (44 bytes)
Event: 9.715 Thread 0x00007f1b9c0ba000 nmethod 1580 0x00007f1b8d517410 code [0x00007f1b8d5175c0, 0x00007f1b8d517aa8]
Event: 9.738 Thread 0x00007f1b9c0ba000 1581       3       java.nio.Buffer::flip (20 bytes)
Event: 9.781 Thread 0x00007f1b9c0ba000 nmethod 1581 0x00007f1b8d5170d0 code [0x00007f1b8d517220, 0x00007f1b8d517390]
Event: 9.909 Thread 0x00007f1b9c0b7000 nmethod 1577 0x00007f1b8d51f650 code [0x00007f1b8d51f7e0, 0x00007f1b8d51fcf8]
Event: 9.910 Thread 0x00007f1b9c0b7000 1556       4       java.util.regex.Pattern$Ctype::isSatisfiedBy (24 bytes)
Event: 9.942 Thread 0x00007f1b9c0ba000 1583       1       java.util.stream.ReferencePipeline$StatelessOp::opIsStateful (2 bytes)
Event: 9.970 Thread 0x00007f1b9c0ba000 nmethod 1583 0x00007f1b8d50ed10 code [0x00007f1b8d50ee60, 0x00007f1b8d50ef70]
Event: 9.977 Thread 0x00007f1b9c0ba000 1587       3       sun.nio.cs.UTF_8$Decoder::xflow (31 bytes)

GC Heap History (9 events):
Event: 0.729 GC heap before
{Heap before GC invocations=1 (full 0):
 PSYoungGen      total 9728K, used 8704K [0x00000000f5b80000, 0x00000000f6600000, 0x0000000100000000)
  eden space 8704K, 100% used [0x00000000f5b80000,0x00000000f6400000,0x00000000f6400000)
  from space 1024K, 0% used [0x00000000f6500000,0x00000000f6500000,0x00000000f6600000)
  to   space 1024K, 0% used [0x00000000f6400000,0x00000000f6400000,0x00000000f6500000)
 ParOldGen       total 22016K, used 0K [0x00000000e1200000, 0x00000000e2780000, 0x00000000f5b80000)
  object space 22016K, 0% used [0x00000000e1200000,0x00000000e1200000,0x00000000e2780000)
 Metaspace       used 6185K, capacity 6368K, committed 6528K, reserved 1056768K
  class space    used 722K, capacity 800K, committed 896K, reserved 1048576K
Event: 0.739 GC heap after
Heap after GC invocations=1 (full 0):
 PSYoungGen      total 9728K, used 1005K [0x00000000f5b80000, 0x00000000f6e80000, 0x0000000100000000)
  eden space 8704K, 0% used [0x00000000f5b80000,0x00000000f5b80000,0x00000000f6400000)
  from space 1024K, 98% used [0x00000000f6400000,0x00000000f64fb5a8,0x00000000f6500000)
  to   space 1024K, 0% used [0x00000000f6d80000,0x00000000f6d80000,0x00000000f6e80000)
 ParOldGen       total 22016K, used 1114K [0x00000000e1200000, 0x00000000e2780000, 0x00000000f5b80000)
  object space 22016K, 5% used [0x00000000e1200000,0x00000000e1316918,0x00000000e2780000)
 Metaspace       used 6185K, capacity 6368K, committed 6528K, reserved 1056768K
  class space    used 722K, capacity 800K, committed 896K, reserved 1048576K
}
Event: 1.095 GC heap before
{Heap before GC invocations=2 (full 0):
 PSYoungGen      total 9728K, used 9709K [0x00000000f5b80000, 0x00000000f6e80000, 0x0000000100000000)
  eden space 8704K, 100% used [0x00000000f5b80000,0x00000000f6400000,0x00000000f6400000)
  from space 1024K, 98% used [0x00000000f6400000,0x00000000f64fb5a8,0x00000000f6500000)
  to   space 1024K, 0% used [0x00000000f6d80000,0x00000000f6d80000,0x00000000f6e80000)
 ParOldGen       total 22016K, used 1114K [0x00000000e1200000, 0x00000000e2780000, 0x00000000f5b80000)
  object space 22016K, 5% used [0x00000000e1200000,0x00000000e1316918,0x00000000e2780000)
 Metaspace       used 9475K, capacity 9664K, committed 9856K, reserved 1058816K
  class space    used 1035K, capacity 1088K, committed 1152K, reserved 1048576K
Event: 1.102 GC heap after
Heap after GC invocations=2 (full 0):
 PSYoungGen      total 18432K, used 1012K [0x00000000f5b80000, 0x00000000f6e80000, 0x0000000100000000)
  eden space 17408K, 0% used [0x00000000f5b80000,0x00000000f5b80000,0x00000000f6c80000)
  from space 1024K, 98% used [0x00000000f6d80000,0x00000000f6e7d148,0x00000000f6e80000)
  to   space 1024K, 0% used [0x00000000f6c80000,0x00000000f6c80000,0x00000000f6d80000)
 ParOldGen       total 22016K, used 3144K [0x00000000e1200000, 0x00000000e2780000, 0x00000000f5b80000)
  object space 22016K, 14% used [0x00000000e1200000,0x00000000e1512008,0x00000000e2780000)
 Metaspace       used 9475K, capacity 9664K, committed 9856K, reserved 1058816K
  class space    used 1035K, capacity 1088K, committed 1152K, reserved 1048576K
}
Event: 1.353 GC heap before
{Heap before GC invocations=3 (full 0):
 PSYoungGen      total 18432K, used 18420K [0x00000000f5b80000, 0x00000000f6e80000, 0x0000000100000000)
  eden space 17408K, 100% used [0x00000000f5b80000,0x00000000f6c80000,0x00000000f6c80000)
  from space 1024K, 98% used [0x00000000f6d80000,0x00000000f6e7d148,0x00000000f6e80000)
  to   space 1024K, 0% used [0x00000000f6c80000,0x00000000f6c80000,0x00000000f6d80000)
 ParOldGen       total 22016K, used 3144K [0x00000000e1200000, 0x00000000e2780000, 0x00000000f5b80000)
  object space 22016K, 14% used [0x00000000e1200000,0x00000000e1512008,0x00000000e2780000)
 Metaspace       used 12555K, capacity 12812K, committed 13056K, reserved 1060864K
  class space    used 1418K, capacity 1489K, committed 1536K, reserved 1048576K
Event: 1.356 GC heap after
Heap after GC invocations=3 (full 0):
 PSYoungGen      total 18432K, used 1014K [0x00000000f5b80000, 0x00000000f7f80000, 0x0000000100000000)
  eden space 17408K, 0% used [0x00000000f5b80000,0x00000000f5b80000,0x00000000f6c80000)
  from space 1024K, 99% used [0x00000000f6c80000,0x00000000f6d7dac8,0x00000000f6d80000)
  to   space 1024K, 0% used [0x00000000f7e80000,0x00000000f7e80000,0x00000000f7f80000)
 ParOldGen       total 22016K, used 6156K [0x00000000e1200000, 0x00000000e2780000, 0x00000000f5b80000)
  object space 22016K, 27% used [0x00000000e1200000,0x00000000e18031d8,0x00000000e2780000)
 Metaspace       used 12555K, capacity 12812K, committed 13056K, reserved 1060864K
  class space    used 1418K, capacity 1489K, committed 1536K, reserved 1048576K
}
Event: 2.175 GC heap before
{Heap before GC invocations=4 (full 0):
 PSYoungGen      total 18432K, used 18422K [0x00000000f5b80000, 0x00000000f7f80000, 0x0000000100000000)
  eden space 17408K, 100% used [0x00000000f5b80000,0x00000000f6c80000,0x00000000f6c80000)
  from space 1024K, 99% used [0x00000000f6c80000,0x00000000f6d7dac8,0x00000000f6d80000)
  to   space 1024K, 0% used [0x00000000f7e80000,0x00000000f7e80000,0x00000000f7f80000)
 ParOldGen       total 22016K, used 6156K [0x00000000e1200000, 0x00000000e2780000, 0x00000000f5b80000)
  object space 22016K, 27% used [0x00000000e1200000,0x00000000e18031d8,0x00000000e2780000)
 Metaspace       used 13560K, capacity 13980K, committed 14208K, reserved 1062912K
  class space    used 1557K, capacity 1654K, committed 1664K, reserved 1048576K
Event: 2.204 GC heap after
Heap after GC invocations=4 (full 0):
 PSYoungGen      total 35840K, used 1016K [0x00000000f5b80000, 0x00000000f7f80000, 0x0000000100000000)
  eden space 34816K, 0% used [0x00000000f5b80000,0x00000000f5b80000,0x00000000f7d80000)
  from space 1024K, 99% used [0x00000000f7e80000,0x00000000f7f7e010,0x00000000f7f80000)
  to   space 1024K, 0% used [0x00000000f7d80000,0x00000000f7d80000,0x00000000f7e80000)
 ParOldGen       total 22016K, used 8805K [0x00000000e1200000, 0x00000000e2780000, 0x00000000f5b80000)
  object space 22016K, 39% used [0x00000000e1200000,0x00000000e1a99468,0x00000000e2780000)
 Metaspace       used 13560K, capacity 13980K, committed 14208K, reserved 1062912K
  class space    used 1557K, capacity 1654K, committed 1664K, reserved 1048576K
}
Event: 10.286 GC heap before
{Heap before GC invocations=5 (full 0):
 PSYoungGen      total 35840K, used 35832K [0x00000000f5b80000, 0x00000000f7f80000, 0x0000000100000000)
  eden space 34816K, 100% used [0x00000000f5b80000,0x00000000f7d80000,0x00000000f7d80000)
  from space 1024K, 99% used [0x00000000f7e80000,0x00000000f7f7e010,0x00000000f7f80000)
  to   space 1024K, 0% used [0x00000000f7d80000,0x00000000f7d80000,0x00000000f7e80000)
 ParOldGen       total 22016K, used 8805K [0x00000000e1200000, 0x00000000e2780000, 0x00000000f5b80000)
  object space 22016K, 39% used [0x00000000e1200000,0x00000000e1a99468,0x00000000e2780000)
 Metaspace       used 14827K, capacity 15352K, committed 15488K, reserved 1062912K
  class space    used 1706K, capacity 1812K, committed 1920K, reserved 1048576K

Deoptimization events (10 events):
Event: 4.784 Thread 0x00007f1b9c00c800 Uncommon trap: reason=unstable_if action=reinterpret pc=0x00007f1b8d4fa7f0 method=java.util.stream.ReferencePipeline$2$1.accept(Ljava/lang/Object;)V @ 13
Event: 4.785 Thread 0x00007f1b9c00c800 Uncommon trap: reason=unstable_if action=reinterpret pc=0x00007f1b8d4faea4 method=java.util.stream.ReferencePipeline$2$1.accept(Ljava/lang/Object;)V @ 13
Event: 5.702 Thread 0x00007f1b9c00c800 Uncommon trap: reason=class_check action=maybe_recompile pc=0x00007f1b8d4f0f58 method=java.util.stream.ReferencePipeline$2$1.accept(Ljava/lang/Object;)V @ 8
Event: 5.703 Thread 0x00007f1b9c00c800 Uncommon trap: reason=class_check action=maybe_recompile pc=0x00007f1b8d4f0f58 method=java.util.stream.ReferencePipeline$2$1.accept(Ljava/lang/Object;)V @ 8
Event: 5.703 Thread 0x00007f1b9c00c800 Uncommon trap: reason=class_check action=maybe_recompile pc=0x00007f1b8d4f0f58 method=java.util.stream.ReferencePipeline$2$1.accept(Ljava/lang/Object;)V @ 8
Event: 5.703 Thread 0x00007f1b9c00c800 Uncommon trap: reason=class_check action=maybe_recompile pc=0x00007f1b8d4f0f58 method=java.util.stream.ReferencePipeline$2$1.accept(Ljava/lang/Object;)V @ 8
Event: 5.904 Thread 0x00007f1b9c00c800 Uncommon trap: reason=class_check action=maybe_recompile pc=0x00007f1b8d3c5a9c method=java.util.regex.Pattern$BmpCharProperty.match(Ljava/util/regex/Matcher;ILjava/lang/CharSequence;)Z @ 31
Event: 6.616 Thread 0x00007f1b9c00c800 Uncommon trap: reason=class_check action=maybe_recompile pc=0x00007f1b8d3c5a9c method=java.util.regex.Pattern$BmpCharProperty.match(Ljava/util/regex/Matcher;ILjava/lang/CharSequence;)Z @ 31
Event: 6.617 Thread 0x00007f1b9c00c800 Uncommon trap: reason=class_check action=maybe_recompile pc=0x00007f1b8d3c5a9c method=java.util.regex.Pattern$BmpCharProperty.match(Ljava/util/regex/Matcher;ILjava/lang/CharSequence;)Z @ 31
Event: 6.617 Thread 0x00007f1b9c00c800 Uncommon trap: reason=class_check action=maybe_recompile pc=0x00007f1b8d3c5a9c method=java.util.regex.Pattern$BmpCharProperty.match(Ljava/util/regex/Matcher;ILjava/lang/CharSequence;)Z @ 31

Classes redefined (0 events):
No events

Internal exceptions (10 events):
Event: 10.013 Thread 0x00007f1b9c00c800 Exception <a 'sun/nio/fs/UnixException'> (0x00000000f7cb74b0) thrown at [/HUDSON/workspace/8-2-build-linux-amd64/jdk8u191/11894/hotspot/src/share/vm/prims/jni.cpp, line 709]
Event: 10.015 Thread 0x00007f1b9c00c800 Exception <a 'sun/nio/fs/UnixException'> (0x00000000f7cda6d8) thrown at [/HUDSON/workspace/8-2-build-linux-amd64/jdk8u191/11894/hotspot/src/share/vm/prims/jni.cpp, line 709]
Event: 10.017 Thread 0x00007f1b9c00c800 Exception <a 'sun/nio/fs/UnixException'> (0x00000000f7cf4558) thrown at [/HUDSON/workspace/8-2-build-linux-amd64/jdk8u191/11894/hotspot/src/share/vm/prims/jni.cpp, line 709]
Event: 10.018 Thread 0x00007f1b9c00c800 Exception <a 'sun/nio/fs/UnixException'> (0x00000000f7d02618) thrown at [/HUDSON/workspace/8-2-build-linux-amd64/jdk8u191/11894/hotspot/src/share/vm/prims/jni.cpp, line 709]
Event: 10.020 Thread 0x00007f1b9c00c800 Exception <a 'sun/nio/fs/UnixException'> (0x00000000f7d13990) thrown at [/HUDSON/workspace/8-2-build-linux-amd64/jdk8u191/11894/hotspot/src/share/vm/prims/jni.cpp, line 709]
Event: 10.022 Thread 0x00007f1b9c00c800 Exception <a 'sun/nio/fs/UnixException'> (0x00000000f7d28e58) thrown at [/HUDSON/workspace/8-2-build-linux-amd64/jdk8u191/11894/hotspot/src/share/vm/prims/jni.cpp, line 709]
Event: 10.024 Thread 0x00007f1b9c00c800 Exception <a 'sun/nio/fs/UnixException'> (0x00000000f7d3b368) thrown at [/HUDSON/workspace/8-2-build-linux-amd64/jdk8u191/11894/hotspot/src/share/vm/prims/jni.cpp, line 709]
Event: 10.025 Thread 0x00007f1b9c00c800 Exception <a 'sun/nio/fs/UnixException'> (0x00000000f7d48430) thrown at [/HUDSON/workspace/8-2-build-linux-amd64/jdk8u191/11894/hotspot/src/share/vm/prims/jni.cpp, line 709]
Event: 10.026 Thread 0x00007f1b9c00c800 Exception <a 'sun/nio/fs/UnixException'> (0x00000000f7d57ce8) thrown at [/HUDSON/workspace/8-2-build-linux-amd64/jdk8u191/11894/hotspot/src/share/vm/prims/jni.cpp, line 709]
Event: 10.027 Thread 0x00007f1b9c00c800 Exception <a 'sun/nio/fs/UnixException'> (0x00000000f7d6d318) thrown at [/HUDSON/workspace/8-2-build-linux-amd64/jdk8u191/11894/hotspot/src/share/vm/prims/jni.cpp, line 709]

Events (10 events):
Event: 9.187 Thread 0x00007f1b9c00c800 DEOPT UNPACKING pc=0x00007f1b8d047784 sp=0x00007f1ba3870f80 mode 0
Event: 9.408 Thread 0x00007f1b9c00c800 DEOPT PACKING pc=0x00007f1b8d4f195f sp=0x00007f1ba3871220
Event: 9.408 Thread 0x00007f1b9c00c800 DEOPT UNPACKING pc=0x00007f1b8d047784 sp=0x00007f1ba3870f80 mode 0
Event: 9.671 Thread 0x00007f1b9c00c800 DEOPT PACKING pc=0x00007f1b8d4f195f sp=0x00007f1ba3871220
Event: 9.675 Thread 0x00007f1b9c00c800 DEOPT UNPACKING pc=0x00007f1b8d047784 sp=0x00007f1ba3870f80 mode 0
Event: 9.773 Thread 0x00007f1b9c00c800 DEOPT PACKING pc=0x00007f1b8d4f195f sp=0x00007f1ba3871220
Event: 9.773 Thread 0x00007f1b9c00c800 DEOPT UNPACKING pc=0x00007f1b8d047784 sp=0x00007f1ba3870f80 mode 0
Event: 9.905 Thread 0x00007f1b9c00c800 DEOPT PACKING pc=0x00007f1b8d4f195f sp=0x00007f1ba3871220
Event: 9.905 Thread 0x00007f1b9c00c800 DEOPT UNPACKING pc=0x00007f1b8d047784 sp=0x00007f1ba3870f80 mode 0
Event: 10.044 Executing VM operation: ParallelGCFailedAllocation


Dynamic libraries:
00400000-00401000 r-xp 00000000 08:01 44606                              /home/ljr/arduino-1.8.8/java/bin/java
00600000-00601000 r--p 00000000 08:01 44606                              /home/ljr/arduino-1.8.8/java/bin/java
00601000-00602000 rw-p 00001000 08:01 44606                              /home/ljr/arduino-1.8.8/java/bin/java
0097d000-0099e000 rw-p 00000000 00:00 0                                  [heap]
e1200000-e2a80000 rw-p 00000000 00:00 0 
e2a80000-f5b80000 ---p 00000000 00:00 0 
f5b80000-f7f80000 rw-p 00000000 00:00 0 
fba80000-100000000 ---p 00000000 00:00 0 
100000000-1001e0000 rw-p 00000000 00:00 0 
1001e0000-140000000 ---p 00000000 00:00 0 
7f1b4c000000-7f1b4c021000 rw-p 00000000 00:00 0 
7f1b4c021000-7f1b50000000 ---p 00000000 00:00 0 
7f1b505bd000-7f1b505c2000 r-xp 00000000 08:01 401500                     /usr/lib/x86_64-linux-gnu/libXdmcp.so.6.0.0
7f1b505c2000-7f1b507c1000 ---p 00005000 08:01 401500                     /usr/lib/x86_64-linux-gnu/libXdmcp.so.6.0.0
7f1b507c1000-7f1b507c2000 r--p 00004000 08:01 401500                     /usr/lib/x86_64-linux-gnu/libXdmcp.so.6.0.0
7f1b507c2000-7f1b507c3000 rw-p 00005000 08:01 401500                     /usr/lib/x86_64-linux-gnu/libXdmcp.so.6.0.0
7f1b507c3000-7f1b507c5000 r-xp 00000000 08:01 401489                     /usr/lib/x86_64-linux-gnu/libXau.so.6.0.0
7f1b507c5000-7f1b509c5000 ---p 00002000 08:01 401489                     /usr/lib/x86_64-linux-gnu/libXau.so.6.0.0
7f1b509c5000-7f1b509c6000 r--p 00002000 08:01 401489                     /usr/lib/x86_64-linux-gnu/libXau.so.6.0.0
7f1b509c6000-7f1b509c7000 rw-p 00003000 08:01 401489                     /usr/lib/x86_64-linux-gnu/libXau.so.6.0.0
7f1b509c7000-7f1b509e8000 r-xp 00000000 08:01 402913                     /usr/lib/x86_64-linux-gnu/libxcb.so.1.1.0
7f1b509e8000-7f1b50be7000 ---p 00021000 08:01 402913                     /usr/lib/x86_64-linux-gnu/libxcb.so.1.1.0
7f1b50be7000-7f1b50be8000 r--p 00020000 08:01 402913                     /usr/lib/x86_64-linux-gnu/libxcb.so.1.1.0
7f1b50be8000-7f1b50be9000 rw-p 00021000 08:01 402913                     /usr/lib/x86_64-linux-gnu/libxcb.so.1.1.0
7f1b50be9000-7f1b50bf8000 r-xp 00000000 08:01 401512                     /usr/lib/x86_64-linux-gnu/libXi.so.6.1.0
7f1b50bf8000-7f1b50df7000 ---p 0000f000 08:01 401512                     /usr/lib/x86_64-linux-gnu/libXi.so.6.1.0
7f1b50df7000-7f1b50df8000 r--p 0000e000 08:01 401512                     /usr/lib/x86_64-linux-gnu/libXi.so.6.1.0
7f1b50df8000-7f1b50df9000 rw-p 0000f000 08:01 401512                     /usr/lib/x86_64-linux-gnu/libXi.so.6.1.0
7f1b50df9000-7f1b50dfe000 r-xp 00000000 08:01 401530                     /usr/lib/x86_64-linux-gnu/libXtst.so.6.1.0
7f1b50dfe000-7f1b50ffd000 ---p 00005000 08:01 401530                     /usr/lib/x86_64-linux-gnu/libXtst.so.6.1.0
7f1b50ffd000-7f1b50ffe000 r--p 00004000 08:01 401530                     /usr/lib/x86_64-linux-gnu/libXtst.so.6.1.0
7f1b50ffe000-7f1b50fff000 rw-p 00005000 08:01 401530                     /usr/lib/x86_64-linux-gnu/libXtst.so.6.1.0
7f1b50fff000-7f1b54000000 rw-p 00000000 00:00 0 
7f1b54000000-7f1b54021000 rw-p 00000000 00:00 0 
7f1b54021000-7f1b58000000 ---p 00000000 00:00 0 
7f1b58000000-7f1b5803a000 rw-p 00000000 00:00 0 
7f1b5803a000-7f1b5c000000 ---p 00000000 00:00 0 
7f1b5c000000-7f1b5c021000 rw-p 00000000 00:00 0 
7f1b5c021000-7f1b60000000 ---p 00000000 00:00 0 
7f1b60000000-7f1b60021000 rw-p 00000000 00:00 0 
7f1b60021000-7f1b64000000 ---p 00000000 00:00 0 
7f1b64000000-7f1b644bd000 rw-p 00000000 00:00 0 
7f1b644bd000-7f1b68000000 ---p 00000000 00:00 0 
7f1b68000000-7f1b68021000 rw-p 00000000 00:00 0 
7f1b68021000-7f1b6c000000 ---p 00000000 00:00 0 
7f1b6c000000-7f1b6c021000 rw-p 00000000 00:00 0 
7f1b6c021000-7f1b70000000 ---p 00000000 00:00 0 
7f1b70000000-7f1b706bb000 rw-p 00000000 00:00 0 
7f1b706bb000-7f1b74000000 ---p 00000000 00:00 0 
7f1b74000000-7f1b74021000 rw-p 00000000 00:00 0 
7f1b74021000-7f1b78000000 ---p 00000000 00:00 0 
7f1b78000000-7f1b78021000 rw-p 00000000 00:00 0 
7f1b78021000-7f1b7c000000 ---p 00000000 00:00 0 
7f1b7c000000-7f1b7c29a000 rw-p 00000000 00:00 0 
7f1b7c29a000-7f1b80000000 ---p 00000000 00:00 0 
7f1b80000000-7f1b80021000 rw-p 00000000 00:00 0 
7f1b80021000-7f1b84000000 ---p 00000000 00:00 0 
7f1b8404f000-7f1b84058000 r-xp 00000000 08:01 401524                     /usr/lib/x86_64-linux-gnu/libXrender.so.1.3.0
7f1b84058000-7f1b84257000 ---p 00009000 08:01 401524                     /usr/lib/x86_64-linux-gnu/libXrender.so.1.3.0
7f1b84257000-7f1b84258000 r--p 00008000 08:01 401524                     /usr/lib/x86_64-linux-gnu/libXrender.so.1.3.0
7f1b84258000-7f1b84259000 rw-p 00009000 08:01 401524                     /usr/lib/x86_64-linux-gnu/libXrender.so.1.3.0
7f1b84259000-7f1b8438e000 r-xp 00000000 08:01 399473                     /usr/lib/x86_64-linux-gnu/libX11.so.6.3.0
7f1b8438e000-7f1b8458e000 ---p 00135000 08:01 399473                     /usr/lib/x86_64-linux-gnu/libX11.so.6.3.0
7f1b8458e000-7f1b8458f000 r--p 00135000 08:01 399473                     /usr/lib/x86_64-linux-gnu/libX11.so.6.3.0
7f1b8458f000-7f1b84593000 rw-p 00136000 08:01 399473                     /usr/lib/x86_64-linux-gnu/libX11.so.6.3.0
7f1b84593000-7f1b845a4000 r-xp 00000000 08:01 401502                     /usr/lib/x86_64-linux-gnu/libXext.so.6.4.0
7f1b845a4000-7f1b847a3000 ---p 00011000 08:01 401502                     /usr/lib/x86_64-linux-gnu/libXext.so.6.4.0
7f1b847a3000-7f1b847a4000 r--p 00010000 08:01 401502                     /usr/lib/x86_64-linux-gnu/libXext.so.6.4.0
7f1b847a4000-7f1b847a5000 rw-p 00011000 08:01 401502                     /usr/lib/x86_64-linux-gnu/libXext.so.6.4.0
7f1b847bd000-7f1b84810000 r-xp 00000000 08:01 44700                      /home/ljr/arduino-1.8.8/java/lib/amd64/libawt_xawt.so
7f1b84810000-7f1b84a0f000 ---p 00053000 08:01 44700                      /home/ljr/arduino-1.8.8/java/lib/amd64/libawt_xawt.so
7f1b84a0f000-7f1b84a10000 r--p 00052000 08:01 44700                      /home/ljr/arduino-1.8.8/java/lib/amd64/libawt_xawt.so
7f1b84a10000-7f1b84a13000 rw-p 00053000 08:01 44700                      /home/ljr/arduino-1.8.8/java/lib/amd64/libawt_xawt.so
7f1b84a13000-7f1b84a14000 rw-p 00000000 00:00 0 
7f1b84a14000-7f1b84ab3000 r-xp 00000000 08:01 44662                      /home/ljr/arduino-1.8.8/java/lib/amd64/libawt.so
7f1b84ab3000-7f1b84cb3000 ---p 0009f000 08:01 44662                      /home/ljr/arduino-1.8.8/java/lib/amd64/libawt.so
7f1b84cb3000-7f1b84cb4000 r--p 0009f000 08:01 44662                      /home/ljr/arduino-1.8.8/java/lib/amd64/libawt.so
7f1b84cb4000-7f1b84cbf000 rw-p 000a0000 08:01 44662                      /home/ljr/arduino-1.8.8/java/lib/amd64/libawt.so
7f1b84cbf000-7f1b84e24000 rw-p 00000000 00:00 0 
7f1b84e24000-7f1b84ee4000 ---p 00000000 00:00 0 
7f1b84ee4000-7f1b850e4000 rw-p 00000000 00:00 0 
7f1b850e4000-7f1b852e4000 rw-p 00000000 00:00 0 
7f1b852e4000-7f1b852e7000 r--s 0001a000 08:01 44841                      /home/ljr/arduino-1.8.8/java/lib/jce.jar
7f1b852e7000-7f1b852ec000 r--s 000a0000 08:01 44888                      /home/ljr/arduino-1.8.8/java/lib/jsse.jar
7f1b852ec000-7f1b85302000 r-xp 00000000 08:01 44660                      /home/ljr/arduino-1.8.8/java/lib/amd64/libnet.so
7f1b85302000-7f1b85501000 ---p 00016000 08:01 44660                      /home/ljr/arduino-1.8.8/java/lib/amd64/libnet.so
7f1b85501000-7f1b85502000 r--p 00015000 08:01 44660                      /home/ljr/arduino-1.8.8/java/lib/amd64/libnet.so
7f1b85502000-7f1b85503000 rw-p 00016000 08:01 44660                      /home/ljr/arduino-1.8.8/java/lib/amd64/libnet.so
7f1b85503000-7f1b85514000 r-xp 00000000 08:01 44690                      /home/ljr/arduino-1.8.8/java/lib/amd64/libnio.so
7f1b85514000-7f1b85713000 ---p 00011000 08:01 44690                      /home/ljr/arduino-1.8.8/java/lib/amd64/libnio.so
7f1b85713000-7f1b85714000 r--p 00010000 08:01 44690                      /home/ljr/arduino-1.8.8/java/lib/amd64/libnio.so
7f1b85714000-7f1b85715000 rw-p 00011000 08:01 44690                      /home/ljr/arduino-1.8.8/java/lib/amd64/libnio.so
7f1b85715000-7f1b85718000 ---p 00000000 00:00 0 
7f1b85718000-7f1b85816000 rw-p 00000000 00:00 0 
7f1b85816000-7f1b85819000 ---p 00000000 00:00 0 
7f1b85819000-7f1b85917000 rw-p 00000000 00:00 0 
7f1b85917000-7f1b8591a000 ---p 00000000 00:00 0 
7f1b8591a000-7f1b85a18000 rw-p 00000000 00:00 0 
7f1b85a18000-7f1b85a24000 r--s 0008f000 08:01 1212226                    /home/ljr/arduino-1.8.8/lib/xmlgraphics-commons-2.0.jar
7f1b85a24000-7f1b85a29000 r--s 00010000 08:01 1213179                    /home/ljr/arduino-1.8.8/lib/xml-apis-ext-1.3.04.jar
7f1b85a29000-7f1b85a31000 r--s 00028000 08:01 1213180                    /home/ljr/arduino-1.8.8/lib/xml-apis-1.3.04.jar
7f1b85a31000-7f1b85a32000 r--s 00002000 08:01 1213174                    /home/ljr/arduino-1.8.8/lib/slf4j-simple-1.7.22.jar
7f1b85a32000-7f1b85a34000 r--s 00009000 08:01 1212986                    /home/ljr/arduino-1.8.8/lib/slf4j-api-1.7.22.jar
7f1b85a34000-7f1b85a40000 r--s 0010f000 08:01 1175172                    /home/ljr/arduino-1.8.8/lib/rsyntaxtextarea-2.6.1.jar
7f1b85a40000-7f1b85a43000 ---p 00000000 00:00 0 
7f1b85a43000-7f1b85a79000 rw-p 00000000 00:00 0 
7f1b85a79000-7f1b85a7c000 r--p 00000000 08:01 1213169                    /home/ljr/arduino-1.8.8/lib/liblistSerialsj.so
7f1b85a7c000-7f1b85a8b000 r-xp 00003000 08:01 1213169                    /home/ljr/arduino-1.8.8/lib/liblistSerialsj.so
7f1b85a8b000-7f1b85a8f000 r--p 00012000 08:01 1213169                    /home/ljr/arduino-1.8.8/lib/liblistSerialsj.so
7f1b85a8f000-7f1b85a90000 r--p 00015000 08:01 1213169                    /home/ljr/arduino-1.8.8/lib/liblistSerialsj.so
7f1b85a90000-7f1b85a91000 rw-p 00016000 08:01 1213169                    /home/ljr/arduino-1.8.8/lib/liblistSerialsj.so
7f1b85a91000-7f1b85a98000 r--s 0005c000 08:01 1213178                    /home/ljr/arduino-1.8.8/lib/pde.jar
7f1b85a98000-7f1b85a9b000 r--s 0004d000 08:01 1213166                    /home/ljr/arduino-1.8.8/lib/jtouchbar-0.2.0-20180827.120213-5.jar
7f1b85a9b000-7f1b85a9c000 r--s 00027000 08:01 1213167                    /home/ljr/arduino-1.8.8/lib/jssc-2.8.0-arduino2.jar
7f1b85a9c000-7f1b85aa0000 r--s 0003b000 08:01 1213183                    /home/ljr/arduino-1.8.8/lib/jsch-0.1.50.jar
7f1b85aa0000-7f1b85ab6000 r--s 001b0000 08:01 1212258                    /home/ljr/arduino-1.8.8/lib/jna-platform-4.2.2.jar
7f1b85ab6000-7f1b85aba000 r--s 00112000 08:01 1212262                    /home/ljr/arduino-1.8.8/lib/jna-4.2.2.jar
7f1b85aba000-7f1b85abe000 r--s 00031000 08:01 1212970                    /home/ljr/arduino-1.8.8/lib/jmdns-3.5.3.jar
7f1b85abe000-7f1b85ac0000 r--s 00009000 08:01 1212259                    /home/ljr/arduino-1.8.8/lib/java-semver-0.8.0.jar
7f1b85ac0000-7f1b85ac2000 r--s 00012000 08:01 1213193                    /home/ljr/arduino-1.8.8/lib/jackson-module-mrbean-2.9.5.jar
7f1b85ac2000-7f1b85ad5000 r--s 00135000 08:01 1212266                    /home/ljr/arduino-1.8.8/lib/jackson-databind-2.9.5.jar
7f1b85ad5000-7f1b85ad9000 r--s 0004b000 08:01 1212972                    /home/ljr/arduino-1.8.8/lib/jackson-core-2.9.5.jar
7f1b85ad9000-7f1b85adc000 r--s 0000e000 08:01 1213182                    /home/ljr/arduino-1.8.8/lib/jackson-annotations-2.9.5.jar
7f1b85adc000-7f1b85ae2000 r--s 0003f000 08:01 1175177                    /home/ljr/arduino-1.8.8/lib/commons-net-3.3.jar
7f1b85ae2000-7f1b85ae4000 r--s 00008000 08:01 1213197                    /home/ljr/arduino-1.8.8/lib/commons-logging-1.0.4.jar
7f1b85ae4000-7f1b85aeb000 r--s 0005e000 08:01 1213187                    /home/ljr/arduino-1.8.8/lib/commons-lang3-3.3.2.jar
7f1b85aeb000-7f1b85af1000 r--s 00045000 08:01 1213189                    /home/ljr/arduino-1.8.8/lib/commons-httpclient-3.1.jar
7f1b85af1000-7f1b85af3000 r--s 0000b000 08:01 1213171                    /home/ljr/arduino-1.8.8/lib/commons-exec-1.1.jar
7f1b85af3000-7f1b85afa000 r--s 00053000 08:01 1212265                    /home/ljr/arduino-1.8.8/lib/commons-compress-1.8.jar
7f1b85afa000-7f1b85b01000 r--s 00039000 08:01 1212949                    /home/ljr/arduino-1.8.8/lib/commons-codec-1.7.jar
7f1b85b01000-7f1b85b41000 r--s 00285000 08:01 1213196                    /home/ljr/arduino-1.8.8/lib/bcprov-jdk15on-152.jar
7f1b85b41000-7f1b85b48000 r--s 0003c000 08:01 1213177                    /home/ljr/arduino-1.8.8/lib/bcpg-jdk15on-152.jar
7f1b85b48000-7f1b85b49000 r--s 00006000 08:01 1213201                    /home/ljr/arduino-1.8.8/lib/batik-xml-1.8.jar
7f1b85b49000-7f1b85b4c000 r--s 00018000 08:01 1212260                    /home/ljr/arduino-1.8.8/lib/batik-util-1.8.jar
7f1b85b4c000-7f1b85b4f000 r--s 00014000 08:01 1212261                    /home/ljr/arduino-1.8.8/lib/batik-transcoder-1.8.jar
7f1b85b4f000-7f1b85b54000 r--s 00031000 08:01 1175175                    /home/ljr/arduino-1.8.8/lib/batik-svg-dom-1.8.jar
7f1b85b54000-7f1b85b56000 r--s 00003000 08:01 1213172                    /home/ljr/arduino-1.8.8/lib/batik-script-1.8.jar
7f1b85b56000-7f1b85b57000 ---p 00000000 00:00 0 
7f1b85b57000-7f1b85c57000 rw-p 00000000 00:00 0 
7f1b85c57000-7f1b85c5a000 ---p 00000000 00:00 0 
7f1b85c5a000-7f1b85d58000 rw-p 00000000 00:00 0 
7f1b85d58000-7f1b85d5b000 ---p 00000000 00:00 0 
7f1b85d5b000-7f1b85e59000 rw-p 00000000 00:00 0 
7f1b85e59000-7f1b85e5c000 ---p 00000000 00:00 0 
7f1b85e5c000-7f1b85f5a000 rw-p 00000000 00:00 0 
7f1b85f5a000-7f1b85f5d000 ---p 00000000 00:00 0 
7f1b85f5d000-7f1b8605b000 rw-p 00000000 00:00 0 
7f1b8605b000-7f1b86a1a000 r--p 00000000 08:01 398834                     /usr/lib/locale/locale-archive
7f1b86a1a000-7f1b86a1d000 ---p 00000000 00:00 0 
7f1b86a1d000-7f1b86b1b000 rw-p 00000000 00:00 0 
7f1b86b1b000-7f1b86b1e000 ---p 00000000 00:00 0 
7f1b86b1e000-7f1b86c1c000 rw-p 00000000 00:00 0 
7f1b86c1c000-7f1b86c1d000 ---p 00000000 00:00 0 
7f1b86c1d000-7f1b87626000 rw-p 00000000 00:00 0 
7f1b87626000-7f1b87800000 r--s 03d6c000 08:01 44635                      /home/ljr/arduino-1.8.8/java/lib/rt.jar
7f1b87800000-7f1b88000000 rw-p 00000000 00:00 0 
7f1b88000000-7f1b88021000 rw-p 00000000 00:00 0 
7f1b88021000-7f1b8c000000 ---p 00000000 00:00 0 
7f1b8c000000-7f1b8c003000 r--s 0000b000 08:01 1213168                    /home/ljr/arduino-1.8.8/lib/batik-parser-1.8.jar
7f1b8c003000-7f1b8c007000 r--s 00020000 08:01 1212971                    /home/ljr/arduino-1.8.8/lib/batik-gvt-1.8.jar
7f1b8c007000-7f1b8c00b000 r--s 0001f000 08:01 1212962                    /home/ljr/arduino-1.8.8/lib/batik-dom-1.8.jar
7f1b8c00b000-7f1b8c012000 r--s 00038000 08:01 1213200                    /home/ljr/arduino-1.8.8/lib/batik-css-1.8.jar
7f1b8c012000-7f1b8c015000 r--s 00018000 08:01 1212959                    /home/ljr/arduino-1.8.8/lib/batik-codec-1.8.jar
7f1b8c015000-7f1b8c021000 r--s 00076000 08:01 1175176                    /home/ljr/arduino-1.8.8/lib/batik-bridge-1.8.jar
7f1b8c021000-7f1b8c02d000 r--s 00051000 08:01 1213194                    /home/ljr/arduino-1.8.8/lib/batik-anim-1.8.jar
7f1b8c02d000-7f1b8d000000 rw-p 00000000 00:00 0 
7f1b8d000000-7f1b8d530000 rwxp 00000000 00:00 0 
7f1b8d530000-7f1b9c000000 ---p 00000000 00:00 0 
7f1b9c000000-7f1b9c69b000 rw-p 00000000 00:00 0 
7f1b9c69b000-7f1ba0000000 ---p 00000000 00:00 0 
7f1ba0000000-7f1ba0001000 r--s 00002000 08:01 1213176                    /home/ljr/arduino-1.8.8/lib/batik-ext-1.8.jar
7f1ba0001000-7f1ba0008000 r--s 00043000 08:01 1213195                    /home/ljr/arduino-1.8.8/lib/batik-awt-util-1.8.jar
7f1ba0008000-7f1ba021f000 rw-p 00000000 00:00 0 
7f1ba021f000-7f1ba0220000 ---p 00000000 00:00 0 
7f1ba0220000-7f1ba0320000 rw-p 00000000 00:00 0 
7f1ba0320000-7f1ba0321000 ---p 00000000 00:00 0 
7f1ba0321000-7f1ba042e000 rw-p 00000000 00:00 0 
7f1ba042e000-7f1ba04c5000 ---p 00000000 00:00 0 
7f1ba04c5000-7f1ba04d8000 rw-p 00000000 00:00 0 
7f1ba04d8000-7f1ba0518000 ---p 00000000 00:00 0 
7f1ba0518000-7f1ba052e000 rw-p 00000000 00:00 0 
7f1ba052e000-7f1ba08d9000 ---p 00000000 00:00 0 
7f1ba08d9000-7f1ba08f3000 r-xp 00000000 08:01 44684                      /home/ljr/arduino-1.8.8/java/lib/amd64/libzip.so
7f1ba08f3000-7f1ba0af3000 ---p 0001a000 08:01 44684                      /home/ljr/arduino-1.8.8/java/lib/amd64/libzip.so
7f1ba0af3000-7f1ba0af4000 r--p 0001a000 08:01 44684                      /home/ljr/arduino-1.8.8/java/lib/amd64/libzip.so
7f1ba0af4000-7f1ba0af5000 rw-p 0001b000 08:01 44684                      /home/ljr/arduino-1.8.8/java/lib/amd64/libzip.so
7f1ba0af5000-7f1ba0b00000 r-xp 00000000 08:01 136739                     /lib/x86_64-linux-gnu/libnss_files-2.23.so
7f1ba0b00000-7f1ba0cff000 ---p 0000b000 08:01 136739                     /lib/x86_64-linux-gnu/libnss_files-2.23.so
7f1ba0cff000-7f1ba0d00000 r--p 0000a000 08:01 136739                     /lib/x86_64-linux-gnu/libnss_files-2.23.so
7f1ba0d00000-7f1ba0d01000 rw-p 0000b000 08:01 136739                     /lib/x86_64-linux-gnu/libnss_files-2.23.so
7f1ba0d01000-7f1ba0d07000 rw-p 00000000 00:00 0 
7f1ba0d07000-7f1ba0d12000 r-xp 00000000 08:01 136749                     /lib/x86_64-linux-gnu/libnss_nis-2.23.so
7f1ba0d12000-7f1ba0f11000 ---p 0000b000 08:01 136749                     /lib/x86_64-linux-gnu/libnss_nis-2.23.so
7f1ba0f11000-7f1ba0f12000 r--p 0000a000 08:01 136749                     /lib/x86_64-linux-gnu/libnss_nis-2.23.so
7f1ba0f12000-7f1ba0f13000 rw-p 0000b000 08:01 136749                     /lib/x86_64-linux-gnu/libnss_nis-2.23.so
7f1ba0f13000-7f1ba0f29000 r-xp 00000000 08:01 136733                     /lib/x86_64-linux-gnu/libnsl-2.23.so
7f1ba0f29000-7f1ba1128000 ---p 00016000 08:01 136733                     /lib/x86_64-linux-gnu/libnsl-2.23.so
7f1ba1128000-7f1ba1129000 r--p 00015000 08:01 136733                     /lib/x86_64-linux-gnu/libnsl-2.23.so
7f1ba1129000-7f1ba112a000 rw-p 00016000 08:01 136733                     /lib/x86_64-linux-gnu/libnsl-2.23.so
7f1ba112a000-7f1ba112c000 rw-p 00000000 00:00 0 
7f1ba112c000-7f1ba1134000 r-xp 00000000 08:01 136735                     /lib/x86_64-linux-gnu/libnss_compat-2.23.so
7f1ba1134000-7f1ba1333000 ---p 00008000 08:01 136735                     /lib/x86_64-linux-gnu/libnss_compat-2.23.so
7f1ba1333000-7f1ba1334000 r--p 00007000 08:01 136735                     /lib/x86_64-linux-gnu/libnss_compat-2.23.so
7f1ba1334000-7f1ba1335000 rw-p 00008000 08:01 136735                     /lib/x86_64-linux-gnu/libnss_compat-2.23.so
7f1ba1335000-7f1ba1362000 r-xp 00000000 08:01 44680                      /home/ljr/arduino-1.8.8/java/lib/amd64/libjava.so
7f1ba1362000-7f1ba1561000 ---p 0002d000 08:01 44680                      /home/ljr/arduino-1.8.8/java/lib/amd64/libjava.so
7f1ba1561000-7f1ba1562000 r--p 0002c000 08:01 44680                      /home/ljr/arduino-1.8.8/java/lib/amd64/libjava.so
7f1ba1562000-7f1ba1564000 rw-p 0002d000 08:01 44680                      /home/ljr/arduino-1.8.8/java/lib/amd64/libjava.so
7f1ba1564000-7f1ba1571000 r-xp 00000000 08:01 44664                      /home/ljr/arduino-1.8.8/java/lib/amd64/libverify.so
7f1ba1571000-7f1ba1770000 ---p 0000d000 08:01 44664                      /home/ljr/arduino-1.8.8/java/lib/amd64/libverify.so
7f1ba1770000-7f1ba1772000 r--p 0000c000 08:01 44664                      /home/ljr/arduino-1.8.8/java/lib/amd64/libverify.so
7f1ba1772000-7f1ba1773000 rw-p 0000e000 08:01 44664                      /home/ljr/arduino-1.8.8/java/lib/amd64/libverify.so
7f1ba1773000-7f1ba177a000 r-xp 00000000 08:01 136794                     /lib/x86_64-linux-gnu/librt-2.23.so
7f1ba177a000-7f1ba1979000 ---p 00007000 08:01 136794                     /lib/x86_64-linux-gnu/librt-2.23.so
7f1ba1979000-7f1ba197a000 r--p 00006000 08:01 136794                     /lib/x86_64-linux-gnu/librt-2.23.so
7f1ba197a000-7f1ba197b000 rw-p 00007000 08:01 136794                     /lib/x86_64-linux-gnu/librt-2.23.so
7f1ba197b000-7f1ba1a83000 r-xp 00000000 08:01 136710                     /lib/x86_64-linux-gnu/libm-2.23.so
7f1ba1a83000-7f1ba1c82000 ---p 00108000 08:01 136710                     /lib/x86_64-linux-gnu/libm-2.23.so
7f1ba1c82000-7f1ba1c83000 r--p 00107000 08:01 136710                     /lib/x86_64-linux-gnu/libm-2.23.so
7f1ba1c83000-7f1ba1c84000 rw-p 00108000 08:01 136710                     /lib/x86_64-linux-gnu/libm-2.23.so
7f1ba1c84000-7f1ba2966000 r-xp 00000000 08:01 44717                      /home/ljr/arduino-1.8.8/java/lib/amd64/server/libjvm.so
7f1ba2966000-7f1ba2b66000 ---p 00ce2000 08:01 44717                      /home/ljr/arduino-1.8.8/java/lib/amd64/server/libjvm.so
7f1ba2b66000-7f1ba2bfc000 r--p 00ce2000 08:01 44717                      /home/ljr/arduino-1.8.8/java/lib/amd64/server/libjvm.so
7f1ba2bfc000-7f1ba2c2d000 rw-p 00d78000 08:01 44717                      /home/ljr/arduino-1.8.8/java/lib/amd64/server/libjvm.so
7f1ba2c2d000-7f1ba2c68000 rw-p 00000000 00:00 0 
7f1ba2c68000-7f1ba2e28000 r-xp 00000000 08:01 136640                     /lib/x86_64-linux-gnu/libc-2.23.so
7f1ba2e28000-7f1ba3028000 ---p 001c0000 08:01 136640                     /lib/x86_64-linux-gnu/libc-2.23.so
7f1ba3028000-7f1ba302c000 r--p 001c0000 08:01 136640                     /lib/x86_64-linux-gnu/libc-2.23.so
7f1ba302c000-7f1ba302e000 rw-p 001c4000 08:01 136640                     /lib/x86_64-linux-gnu/libc-2.23.so
7f1ba302e000-7f1ba3032000 rw-p 00000000 00:00 0 
7f1ba3032000-7f1ba3035000 r-xp 00000000 08:01 136664                     /lib/x86_64-linux-gnu/libdl-2.23.so
7f1ba3035000-7f1ba3234000 ---p 00003000 08:01 136664                     /lib/x86_64-linux-gnu/libdl-2.23.so
7f1ba3234000-7f1ba3235000 r--p 00002000 08:01 136664                     /lib/x86_64-linux-gnu/libdl-2.23.so
7f1ba3235000-7f1ba3236000 rw-p 00003000 08:01 136664                     /lib/x86_64-linux-gnu/libdl-2.23.so
7f1ba3236000-7f1ba324d000 r-xp 00000000 08:01 44674                      /home/ljr/arduino-1.8.8/java/lib/amd64/jli/libjli.so
7f1ba324d000-7f1ba344c000 ---p 00017000 08:01 44674                      /home/ljr/arduino-1.8.8/java/lib/amd64/jli/libjli.so
7f1ba344c000-7f1ba344d000 r--p 00016000 08:01 44674                      /home/ljr/arduino-1.8.8/java/lib/amd64/jli/libjli.so
7f1ba344d000-7f1ba344e000 rw-p 00017000 08:01 44674                      /home/ljr/arduino-1.8.8/java/lib/amd64/jli/libjli.so
7f1ba344e000-7f1ba3466000 r-xp 00000000 08:01 136786                     /lib/x86_64-linux-gnu/libpthread-2.23.so
7f1ba3466000-7f1ba3665000 ---p 00018000 08:01 136786                     /lib/x86_64-linux-gnu/libpthread-2.23.so
7f1ba3665000-7f1ba3666000 r--p 00017000 08:01 136786                     /lib/x86_64-linux-gnu/libpthread-2.23.so
7f1ba3666000-7f1ba3667000 rw-p 00018000 08:01 136786                     /lib/x86_64-linux-gnu/libpthread-2.23.so
7f1ba3667000-7f1ba366b000 rw-p 00000000 00:00 0 
7f1ba366b000-7f1ba3691000 r-xp 00000000 08:01 136612                     /lib/x86_64-linux-gnu/ld-2.23.so
7f1ba3691000-7f1ba3693000 r--s 00003000 08:01 1213202                    /home/ljr/arduino-1.8.8/lib/batik-svgpp-1.8.jar
7f1ba3693000-7f1ba3695000 r--s 0000a000 08:01 1213203                    /home/ljr/arduino-1.8.8/lib/batik-rasterizer-1.8.jar
7f1ba3695000-7f1ba369e000 r--s 00072000 08:01 1213185                    /home/ljr/arduino-1.8.8/lib/batik-squiggle-1.8.jar
7f1ba369e000-7f1ba36a5000 r--s 00181000 08:01 1175174                    /home/ljr/arduino-1.8.8/lib/arduino-core.jar
7f1ba36a5000-7f1ba36da000 rw-p 00000000 00:00 0 
7f1ba36da000-7f1ba3772000 ---p 00000000 00:00 0 
7f1ba3772000-7f1ba3775000 ---p 00000000 00:00 0 
7f1ba3775000-7f1ba3878000 rw-p 00000000 00:00 0 
7f1ba3878000-7f1ba3879000 r--s 00001000 08:01 1212987                    /home/ljr/arduino-1.8.8/lib/batik-1.8.jar
7f1ba3879000-7f1ba387c000 r--s 00004000 08:01 1213186                    /home/ljr/arduino-1.8.8/lib/apple.jar
7f1ba387c000-7f1ba3886000 rw-p 00000000 00:00 0 
7f1ba3886000-7f1ba388e000 rw-s 00000000 08:01 55051                      /tmp/hsperfdata_ljr/30885
7f1ba388e000-7f1ba388f000 rw-p 00000000 00:00 0 
7f1ba388f000-7f1ba3890000 ---p 00000000 00:00 0 
7f1ba3890000-7f1ba3891000 r--p 00025000 08:01 136612                     /lib/x86_64-linux-gnu/ld-2.23.so
7f1ba3891000-7f1ba3892000 rw-p 00026000 08:01 136612                     /lib/x86_64-linux-gnu/ld-2.23.so
7f1ba3892000-7f1ba3893000 rw-p 00000000 00:00 0 
7ffcb4cb5000-7ffcb4cd8000 rw-p 00000000 00:00 0                          [stack]
7ffcb4cf6000-7ffcb4cf9000 r--p 00000000 00:00 0                          [vvar]
7ffcb4cf9000-7ffcb4cfb000 r-xp 00000000 00:00 0                          [vdso]
ffffffffff600000-ffffffffff601000 r-xp 00000000 00:00 0                  [vsyscall]

VM Arguments:
jvm_args: -DAPP_DIR=/home/ljr/arduino-1.8.8 
java_command: processing.app.Base --verbose --preserve-temp-files --pref compiler.cpp.extra_flags=-I./libraries/avr/uno/ -I./libraries/arch-avr/avr/uno/ -I./libraries/arch-samd/avr/uno/ -I./libraries/driver-adc/avr/uno/ -I./libraries/driver-gpio/avr/uno/ -I./libraries/driver-hcsr04/avr/uno/ -I./libraries/driver-i2c/avr/uno/ -I./libraries/driver-mfs/avr/uno/ -I./libraries/driver-nrf24l01/avr/uno/ -I./libraries/driver-pm/avr/uno/ -I./libraries/driver-rtc/avr/uno/ -I./libraries/driver-spi/avr/uno/ -I./libraries/driver-usart/avr/uno/ -I./libraries/driver-wclock/avr/uno/ -I./libraries/driver-wdt/avr/uno/ -I./libraries/avr/uno -I./libraries/arch-avr/avr/uno -I./libraries/arch-samd/avr/uno -I./libraries/driver-adc/avr/uno -I./libraries/driver-gpio/avr/uno -I./libraries/driver-hcsr04/avr/uno -I./libraries/driver-i2c/avr/uno -I./libraries/driver-mfs/avr/uno -I./libraries/driver-nrf24l01/avr/uno -I./libraries/driver-pm/avr/uno -I./libraries/driver-rtc/avr/uno -I./libraries/driver-spi/avr/uno -I./libraries/driver-usart/avr/uno -I./libraries/driver-wclock/avr/uno -I./libraries/driver-wdt/avr/uno -I./libraries/avr -I./libraries/arch-avr/avr -I./libraries/arch-samd/avr -I./libraries/driver-adc/avr -I./libraries/driver-gpio/avr -I./libraries/driver-hcsr04/avr -I./libraries/driver-i2c/avr -I./libraries/driver-mfs/avr -I./libraries/driver-nrf24l01/avr -I./libraries/driver-pm/avr -I./libraries/driver-rtc/avr -I./libraries/driver-spi/avr -I./libraries/driver-usart/avr -I./libraries/driver-wclock/avr -I./libraries/driver-wdt/avr -I./libraries/ -I./libraries/arch-avr/ -I./libraries/arch-samd/ -I./libraries/driver-adc/ -I./libraries/driver-gpio/ -I./libraries/driver-hcsr04/ -I./libraries/driver-i2c/ -I./libraries/driver-mfs/ -I./libraries/driver-nrf24l01/ -I./libraries/driver-pm/ -I./libraries/driver-rtc/ -I./libraries/driver-spi/ -I./libraries/driver-usart/ -I./libraries/driver-wclock/ -I./libraries/driver-wdt/ -I ./include -I /home/ljr/ceu/include  -DCEU_PM_MIN -DCEU_PM --board ardui
java_class_path (initial): :/home/ljr/arduino-1.8.8/java/lib/rt.jar:/home/ljr/arduino-1.8.8/java/lib/tools.jar:/home/ljr/arduino-1.8.8/lib/apple.jar:/home/ljr/arduino-1.8.8/lib/arduino-core.jar:/home/ljr/arduino-1.8.8/lib/batik-1.8.jar:/home/ljr/arduino-1.8.8/lib/batik-anim-1.8.jar:/home/ljr/arduino-1.8.8/lib/batik-awt-util-1.8.jar:/home/ljr/arduino-1.8.8/lib/batik-bridge-1.8.jar:/home/ljr/arduino-1.8.8/lib/batik-codec-1.8.jar:/home/ljr/arduino-1.8.8/lib/batik-css-1.8.jar:/home/ljr/arduino-1.8.8/lib/batik-dom-1.8.jar:/home/ljr/arduino-1.8.8/lib/batik-ext-1.8.jar:/home/ljr/arduino-1.8.8/lib/batik-gvt-1.8.jar:/home/ljr/arduino-1.8.8/lib/batik-parser-1.8.jar:/home/ljr/arduino-1.8.8/lib/batik-rasterizer-1.8.jar:/home/ljr/arduino-1.8.8/lib/batik-script-1.8.jar:/home/ljr/arduino-1.8.8/lib/batik-squiggle-1.8.jar:/home/ljr/arduino-1.8.8/lib/batik-svg-dom-1.8.jar:/home/ljr/arduino-1.8.8/lib/batik-svgpp-1.8.jar:/home/ljr/arduino-1.8.8/lib/batik-transcoder-1.8.jar:/home/ljr/arduino-1.8.8/lib/batik-util-1.8.jar:/home/ljr/arduino-1.8.8/lib/batik-xml-1.8.jar:/home/ljr/arduino-1.8.8/lib/bcpg-jdk15on-152.jar:/home/ljr/arduino-1.8.8/lib/bcprov-jdk15on-152.jar:/home/ljr/arduino-1.8.8/lib/commons-codec-1.7.jar:/home/ljr/arduino-1.8.8/lib/commons-compress-1.8.jar:/home/ljr/arduino-1.8.8/lib/commons-exec-1.1.jar:/home/ljr/arduino-1.8.8/lib/commons-httpclient-3.1.jar:/home/ljr/arduino-1.8.8/lib/commons-lang3-3.3.2.jar:/home/ljr/arduino-1.8.8/lib/commons-logging-1.0.4.jar:/home/ljr/arduino-1.8.8/lib/commons-net-3.3.jar:/home/ljr/arduino-1.8.8/lib/jackson-annotations-2.9.5.jar:/home/ljr/arduino-1.8.8/lib/jackson-core-2.9.5.jar:/home/ljr/arduino-1.8.8/lib/jackson-databind-2.9.5.jar:/home/ljr/arduino-1.8.8/lib/jackson-module-mrbean-2.9.5.jar:/home/ljr/arduino-1.8.8/lib/java-semver-0.8.0.jar:/home/ljr/arduino-1.8.8/lib/jmdns-3.5.3.jar:/home/ljr/arduino-1.8.8/lib/jna-4.2.2.jar:/home/ljr/arduino-1.8.8/lib/jna-platform-4.2.2.jar:/home/ljr/arduino-1.8.8/lib/jsch-0.1.50.jar:/home/ljr/arduino-1.8
Launcher Type: SUN_STANDARD

Environment Variables:
JAVA_TOOL_OPTIONS=
PATH=/home/ljr/arduino-1.8.8/java/bin:/home/ljr/arduino-1.8.8:/home/ljr/bin:/home/ljr/.local/bin:/home/ljr/arduino-1.8.8:/home/ljr/bin:/home/ljr/.local/bin:/usr/local/sbin:/usr/local/bin:/usr/sbin:/usr/bin:/sbin:/bin:/usr/games:/usr/local/games:/snap/bin
LD_LIBRARY_PATH=/home/ljr/arduino-1.8.8/lib
SHELL=/bin/bash
DISPLAY=:0

Signal Handlers:
SIGSEGV: [libjvm.so+0xaced60], sa_mask[0]=11111111011111111101111111111110, sa_flags=SA_RESTART|SA_SIGINFO
SIGBUS: [libjvm.so+0xaced60], sa_mask[0]=11111111011111111101111111111110, sa_flags=SA_RESTART|SA_SIGINFO
SIGFPE: [libjvm.so+0x907ca0], sa_mask[0]=11111111011111111101111111111110, sa_flags=SA_RESTART|SA_SIGINFO
SIGPIPE: [libjvm.so+0x907ca0], sa_mask[0]=11111111011111111101111111111110, sa_flags=SA_RESTART|SA_SIGINFO
SIGXFSZ: [libjvm.so+0x907ca0], sa_mask[0]=11111111011111111101111111111110, sa_flags=SA_RESTART|SA_SIGINFO
SIGILL: [libjvm.so+0x907ca0], sa_mask[0]=11111111011111111101111111111110, sa_flags=SA_RESTART|SA_SIGINFO
SIGUSR1: SIG_DFL, sa_mask[0]=00000000000000000000000000000000, sa_flags=none
SIGUSR2: [libjvm.so+0x907b70], sa_mask[0]=00000000000000000000000000000000, sa_flags=SA_RESTART|SA_SIGINFO
SIGHUP: [libjvm.so+0x908190], sa_mask[0]=11111111011111111101111111111110, sa_flags=SA_RESTART|SA_SIGINFO
SIGINT: [libjvm.so+0x908190], sa_mask[0]=11111111011111111101111111111110, sa_flags=SA_RESTART|SA_SIGINFO
SIGTERM: [libjvm.so+0x908190], sa_mask[0]=11111111011111111101111111111110, sa_flags=SA_RESTART|SA_SIGINFO
SIGQUIT: [libjvm.so+0x908190], sa_mask[0]=11111111011111111101111111111110, sa_flags=SA_RESTART|SA_SIGINFO


---------------  S Y S T E M  ---------------

OS:DISTRIB_ID=Ubuntu
DISTRIB_RELEASE=16.04
DISTRIB_CODENAME=xenial
DISTRIB_DESCRIPTION="Ubuntu 16.04.5 LTS"

uname:Linux 4.15.0-46-generic #49~16.04.1-Ubuntu SMP Tue Feb 12 17:45:24 UTC 2019 x86_64
libc:glibc 2.23 NPTL 2.23 
rlimit: STACK 8192k, CORE 0k, NPROC 7647, NOFILE 1048576, AS infinity
load average:7.02 2.60 2.20

/proc/meminfo:
MemTotal:        2017304 kB
MemFree:           65300 kB
MemAvailable:      14936 kB
Buffers:             484 kB
Cached:            28864 kB
SwapCached:          356 kB
Active:           899196 kB
Inactive:         318756 kB
Active(anon):     893324 kB
Inactive(anon):   306944 kB
Active(file):       5872 kB
Inactive(file):    11812 kB
Unevictable:          48 kB
Mlocked:              48 kB
SwapTotal:        998396 kB
SwapFree:             44 kB
Dirty:               108 kB
Writeback:            12 kB
AnonPages:       1188560 kB
Mapped:            18512 kB
Shmem:             11472 kB
Slab:             100064 kB
SReclaimable:      31896 kB
SUnreclaim:        68168 kB
KernelStack:       10704 kB
PageTables:        36208 kB
NFS_Unstable:          0 kB
Bounce:                0 kB
WritebackTmp:          0 kB
CommitLimit:     2007048 kB
Committed_AS:    5815008 kB
VmallocTotal:   34359738367 kB
VmallocUsed:           0 kB
VmallocChunk:          0 kB
HardwareCorrupted:     0 kB
AnonHugePages:         0 kB
ShmemHugePages:        0 kB
ShmemPmdMapped:        0 kB
CmaTotal:              0 kB
CmaFree:               0 kB
HugePages_Total:       0
HugePages_Free:        0
HugePages_Rsvd:        0
HugePages_Surp:        0
Hugepagesize:       2048 kB
DirectMap4k:       92032 kB
DirectMap2M:     2004992 kB
DirectMap1G:           0 kB

container (cgroup) information:
container_type: cgroupv1
cpu_cpuset_cpus: 0-1
cpu_memory_nodes: 0
active_processor_count: 2
cpu_quota: -1
cpu_period: 100000
cpu_shares: -1
memory_limit_in_bytes: -1
memory_and_swap_limit_in_bytes: -2
memory_soft_limit_in_bytes: -1
memory_usage_in_bytes: 1249796096
memory_max_usage_in_bytes: 116436992


CPU:total 2 (initial active 2) (1 cores per cpu, 1 threads per core) family 6 model 158 stepping 9, cmov, cx8, fxsr, mmx, sse, sse2, sse3, ssse3, sse4.1, sse4.2, popcnt, avx, avx2, aes, clmul, erms, rtm, 3dnowpref, lzcnt, tsc, tscinvbit, bmi1, bmi2, adx

/proc/cpuinfo:
processor	: 0
vendor_id	: GenuineIntel
cpu family	: 6
model		: 158
model name	: Intel(R) Core(TM) i5-7500 CPU @ 3.40GHz
stepping	: 9
microcode	: 0x8e
cpu MHz		: 3407.507
cache size	: 6144 KB
physical id	: 0
siblings	: 1
core id		: 0
cpu cores	: 1
apicid		: 0
initial apicid	: 0
fpu		: yes
fpu_exception	: yes
cpuid level	: 22
wp		: yes
flags		: fpu vme de pse tsc msr pae mce cx8 apic sep mtrr pge mca cmov pat pse36 clflush mmx fxsr sse sse2 ss syscall nx pdpe1gb rdtscp lm constant_tsc arch_perfmon nopl xtopology tsc_reliable nonstop_tsc cpuid pni pclmulqdq vmx ssse3 fma cx16 pcid sse4_1 sse4_2 x2apic movbe popcnt tsc_deadline_timer aes xsave avx f16c rdrand hypervisor lahf_lm abm 3dnowprefetch cpuid_fault invpcid_single pti ssbd ibrs ibpb stibp tpr_shadow vnmi ept vpid fsgsbase tsc_adjust bmi1 hle avx2 smep bmi2 invpcid rtm mpx rdseed adx smap clflushopt xsaveopt xsavec xsaves arat flush_l1d arch_capabilities
bugs		: cpu_meltdown spectre_v1 spectre_v2 spec_store_bypass l1tf
bogomips	: 6815.01
clflush size	: 64
cache_alignment	: 64
address sizes	: 43 bits physical, 48 bits virtual
power management:

processor	: 1
vendor_id	: GenuineIntel
cpu family	: 6
model		: 158
model name	: Intel(R) Core(TM) i5-7500 CPU @ 3.40GHz
stepping	: 9
microcode	: 0x8e
cpu MHz		: 3407.507
cache size	: 6144 KB
physical id	: 2
siblings	: 1
core id		: 0
cpu cores	: 1
apicid		: 2
initial apicid	: 2
fpu		: yes
fpu_exception	: yes
cpuid level	: 22
wp		: yes
flags		: fpu vme de pse tsc msr pae mce cx8 apic sep mtrr pge mca cmov pat pse36 clflush mmx fxsr sse sse2 ss syscall nx pdpe1gb rdtscp lm constant_tsc arch_perfmon nopl xtopology tsc_reliable nonstop_tsc cpuid pni pclmulqdq vmx ssse3 fma cx16 pcid sse4_1 sse4_2 x2apic movbe popcnt tsc_deadline_timer aes xsave avx f16c rdrand hypervisor lahf_lm abm 3dnowprefetch cpuid_fault invpcid_single pti ssbd ibrs ibpb stibp tpr_shadow vnmi ept vpid fsgsbase tsc_adjust bmi1 hle avx2 smep bmi2 invpcid rtm mpx rdseed adx smap clflushopt xsaveopt xsavec xsaves arat flush_l1d arch_capabilities
bugs		: cpu_meltdown spectre_v1 spectre_v2 spec_store_bypass l1tf
bogomips	: 6815.01
clflush size	: 64
cache_alignment	: 64
address sizes	: 43 bits physical, 48 bits virtual
power management:



Memory: 4k page, physical 2017304k(62136k free), swap 998396k(60k free)

vm_info: Java HotSpot(TM) 64-Bit Server VM (25.191-b12) for linux-amd64 JRE (1.8.0_191-b12), built on Oct  6 2018 05:43:09 by "java_re" with gcc 7.3.0

time: Fri Mar 29 04:13:17 2019
elapsed time: 25 seconds (0d 0h 0m 25s)

